[progress] 1/400 cases (build=1, empty=0) signals(metric/log/trace)=8/1/6 current=009be6db-313 elapsed=16.3s
[progress] 3/400 cases (build=3, empty=1) signals(metric/log/trace)=15/7/6 current=0410d710-226 elapsed=55.2s
[progress] 4/400 cases (build=4, empty=1) signals(metric/log/trace)=23/10/9 current=0419ba04-373 elapsed=90.7s
[progress] 5/400 cases (build=5, empty=1) signals(metric/log/trace)=31/16/10 current=04418665-287 elapsed=127.9s
[progress] 8/400 cases (build=8, empty=1) signals(metric/log/trace)=47/22/15 current=0718e0f9-92 elapsed=165.5s
[progress] 10/400 cases (build=10, empty=1) signals(metric/log/trace)=63/34/15 current=099ce7e2-274 elapsed=198.1s
[progress] 13/400 cases (build=13, empty=2) signals(metric/log/trace)=79/35/21 current=0a4c5c18-349 elapsed=251.6s
[progress] 15/400 cases (build=15, empty=3) signals(metric/log/trace)=87/41/22 current=0b81a605-339 elapsed=283.2s
[progress] 16/400 cases (build=16, empty=3) signals(metric/log/trace)=95/47/28 current=0efb9550-160 elapsed=328.7s
[progress] 18/400 cases (build=18, empty=3) signals(metric/log/trace)=111/59/37 current=1003cbad-421 elapsed=396.3s
[progress] 20/400 cases (build=20, empty=3) signals(metric/log/trace)=127/71/49 current=1193b5d8-230 elapsed=430.2s
[progress] 21/400 cases (build=21, empty=3) signals(metric/log/trace)=135/72/55 current=11cdd935-418 elapsed=478.2s
[progress] 22/400 cases (build=22, empty=3) signals(metric/log/trace)=143/72/61 current=11f619f0-285 elapsed=516.6s
[progress] 23/400 cases (build=23, empty=3) signals(metric/log/trace)=151/78/62 current=13ebf32d-216 elapsed=578.0s
[progress] 24/400 cases (build=24, empty=4) signals(metric/log/trace)=151/78/62 current=146da42a-586 elapsed=624.9s
[progress] 26/400 cases (build=26, empty=4) signals(metric/log/trace)=167/90/71 current=14cf33ba-256 elapsed=684.4s
[progress] 27/400 cases (build=27, empty=5) signals(metric/log/trace)=167/90/71 current=1573cbd5-588 elapsed=732.0s
[progress] 30/400 cases (build=30, empty=6) signals(metric/log/trace)=183/100/74 current=178aa45f-353 elapsed=795.9s
[progress] 31/400 cases (build=31, empty=7) signals(metric/log/trace)=183/100/74 current=17ed37a5-494 elapsed=848.6s
[progress] 35/400 cases (build=35, empty=8) signals(metric/log/trace)=205/112/77 current=1c47d7bf-157 elapsed=895.1s
[progress] 36/400 cases (build=36, empty=8) signals(metric/log/trace)=213/118/83 current=1c4a277a-491 elapsed=948.6s
[progress] 37/400 cases (build=37, empty=8) signals(metric/log/trace)=221/124/89 current=1d868f8e-347 elapsed=1000.9s
[progress] 39/400 cases (build=39, empty=9) signals(metric/log/trace)=226/130/89 current=1ef94bd7-352 elapsed=1074.3s
[progress] 41/400 cases (build=41, empty=9) signals(metric/log/trace)=238/136/89 current=1fbef130-185 elapsed=1127.3s
[progress] 42/400 cases (build=42, empty=9) signals(metric/log/trace)=246/142/90 current=20622318-94 elapsed=1178.1s
[progress] 44/400 cases (build=44, empty=10) signals(metric/log/trace)=254/148/93 current=20f9c3bc-558 elapsed=1218.6s
[progress] 46/400 cases (build=46, empty=11) signals(metric/log/trace)=259/154/93 current=21aa302f-132 elapsed=1253.2s
[progress] 47/400 cases (build=47, empty=11) signals(metric/log/trace)=267/160/94 current=2272a5ff-138 elapsed=1305.9s
[progress] 50/400 cases (build=50, empty=11) signals(metric/log/trace)=283/176/101 current=251c4f53-179 elapsed=1350.2s
[progress] 53/400 cases (build=53, empty=12) signals(metric/log/trace)=299/186/107 current=25ce9c41-430 elapsed=1383.8s
[progress] 54/400 cases (build=54, empty=12) signals(metric/log/trace)=307/189/109 current=26c9ab68-91 elapsed=1432.1s
[progress] 56/400 cases (build=56, empty=12) signals(metric/log/trace)=322/201/110 current=27914c5a-288 elapsed=1481.0s
[progress] 58/400 cases (build=58, empty=13) signals(metric/log/trace)=330/207/116 current=2878f9f0-376 elapsed=1552.2s
[progress] 60/400 cases (build=60, empty=13) signals(metric/log/trace)=345/219/116 current=29f88351-232 elapsed=1616.6s
[progress] 61/400 cases (build=61, empty=13) signals(metric/log/trace)=353/225/117 current=2cce5582-215 elapsed=1680.6s
[progress] 62/400 cases (build=62, empty=13) signals(metric/log/trace)=361/229/120 current=2e8873a5-370 elapsed=1727.0s
[progress] 64/400 cases (build=64, empty=13) signals(metric/log/trace)=376/241/125 current=31392fda-93 elapsed=1788.8s
[progress] 68/400 cases (build=68, empty=15) signals(metric/log/trace)=392/253/134 current=33492fcd-575 elapsed=1823.4s
[progress] 70/400 cases (build=70, empty=15) signals(metric/log/trace)=408/265/143 current=342d4820-100 elapsed=1890.7s
[progress] 72/400 cases (build=72, empty=15) signals(metric/log/trace)=424/274/146 current=345fbe93-80 elapsed=1922.7s
[progress] 74/400 cases (build=74, empty=15) signals(metric/log/trace)=440/282/148 current=36937f85-134 elapsed=1955.5s
[progress] 76/400 cases (build=76, empty=15) signals(metric/log/trace)=456/282/149 current=371ba498-375 elapsed=2006.2s
[progress] 78/400 cases (build=78, empty=16) signals(metric/log/trace)=464/288/155 current=38d69375-380 elapsed=2042.3s
[progress] 80/400 cases (build=80, empty=16) signals(metric/log/trace)=480/300/165 current=3966f44b-396 elapsed=2090.9s
[progress] 81/400 cases (build=81, empty=16) signals(metric/log/trace)=488/306/166 current=3ae307d9-218 elapsed=2123.6s
[progress] 83/400 cases (build=83, empty=17) signals(metric/log/trace)=496/307/166 current=3d284cf0-333 elapsed=2154.8s
[progress] 85/400 cases (build=85, empty=17) signals(metric/log/trace)=512/317/171 current=3d6c95dd-595 elapsed=2214.1s
[progress] 86/400 cases (build=86, empty=17) signals(metric/log/trace)=520/323/177 current=3da57a36-286 elapsed=2264.5s
[progress] 88/400 cases (build=88, empty=17) signals(metric/log/trace)=531/335/177 current=3f4b31ee-402 elapsed=2340.2s
[progress] 90/400 cases (build=90, empty=17) signals(metric/log/trace)=547/347/183 current=4153e4c6-397 elapsed=2393.7s
[progress] 92/400 cases (build=92, empty=17) signals(metric/log/trace)=563/357/189 current=42c6ad6f-136 elapsed=2450.0s
[progress] 93/400 cases (build=93, empty=17) signals(metric/log/trace)=571/363/195 current=43e1b3bf-163 elapsed=2495.2s
[progress] 96/400 cases (build=96, empty=17) signals(metric/log/trace)=593/381/201 current=462e3353-107 elapsed=2539.2s
[progress] 99/400 cases (build=99, empty=18) signals(metric/log/trace)=609/393/203 current=47fe21f6-167 elapsed=2626.1s
[progress] 100/400 cases (build=100, empty=18) signals(metric/log/trace)=617/399/204 current=499d8ec0-211 elapsed=2675.9s
[progress] 103/400 cases (build=103, empty=18) signals(metric/log/trace)=641/411/209 current=4ab999b7-96 elapsed=2727.8s
[progress] 104/400 cases (build=104, empty=19) signals(metric/log/trace)=641/411/209 current=4b225f4a-348 elapsed=2775.8s
[progress] 106/400 cases (build=106, empty=19) signals(metric/log/trace)=657/420/220 current=4b98f078-560 elapsed=2812.5s
[progress] 107/400 cases (build=107, empty=19) signals(metric/log/trace)=665/424/221 current=4be46c92-236 elapsed=2861.8s
[progress] 109/400 cases (build=109, empty=19) signals(metric/log/trace)=681/432/223 current=4fd42adb-327 elapsed=2930.4s
[progress] 114/400 cases (build=114, empty=19) signals(metric/log/trace)=721/443/230 current=523bb271-495 elapsed=3006.9s
[progress] 116/400 cases (build=116, empty=21) signals(metric/log/trace)=721/443/230 current=52c722c7-571 elapsed=3059.7s
[progress] 119/400 cases (build=119, empty=21) signals(metric/log/trace)=743/457/242 current=53ab3ccb-326 elapsed=3128.9s
[progress] 122/400 cases (build=122, empty=21) signals(metric/log/trace)=767/475/254 current=541f72de-115 elapsed=3185.9s
[progress] 123/400 cases (build=123, empty=21) signals(metric/log/trace)=774/481/254 current=555d145f-99 elapsed=3246.9s
[progress] 124/400 cases (build=124, empty=21) signals(metric/log/trace)=782/487/260 current=55759137-403 elapsed=3283.2s
[progress] 126/400 cases (build=126, empty=21) signals(metric/log/trace)=798/499/272 current=55b23e04-325 elapsed=3339.2s
[progress] 128/400 cases (build=128, empty=21) signals(metric/log/trace)=813/511/278 current=569f2ed5-572 elapsed=3371.5s
[progress] 130/400 cases (build=130, empty=21) signals(metric/log/trace)=829/521/283 current=578fce7c-166 elapsed=3438.7s
[progress] 131/400 cases (build=131, empty=21) signals(metric/log/trace)=837/527/289 current=5934fe6f-561 elapsed=3474.8s
[progress] 132/400 cases (build=132, empty=21) signals(metric/log/trace)=845/533/289 current=593e3d6b-371 elapsed=3532.3s
[progress] 133/400 cases (build=133, empty=21) signals(metric/log/trace)=853/535/295 current=5a573d9d-212 elapsed=3584.4s
[progress] 134/400 cases (build=134, empty=21) signals(metric/log/trace)=861/541/295 current=5b520645-141 elapsed=3641.0s
[progress] 136/400 cases (build=136, empty=22) signals(metric/log/trace)=869/547/301 current=5c8eb611-200 elapsed=3684.5s
[progress] 137/400 cases (build=137, empty=23) signals(metric/log/trace)=869/547/301 current=5cb1626b-401 elapsed=3739.9s
[progress] 139/400 cases (build=139, empty=23) signals(metric/log/trace)=885/553/309 current=5d97906f-213 elapsed=3830.3s
[progress] 141/400 cases (build=141, empty=24) signals(metric/log/trace)=893/556/315 current=5fb39f4b-500 elapsed=3870.3s
[progress] 142/400 cases (build=142, empty=24) signals(metric/log/trace)=901/562/321 current=62e9d294-564 elapsed=3937.4s
[progress] 143/400 cases (build=143, empty=24) signals(metric/log/trace)=909/568/324 current=6375ea10-98 elapsed=4005.6s
[progress] 144/400 cases (build=144, empty=24) signals(metric/log/trace)=917/574/330 current=652408d6-398 elapsed=4054.4s
[progress] 146/400 cases (build=146, empty=25) signals(metric/log/trace)=925/580/333 current=6637fe70-563 elapsed=4139.7s
[progress] 147/400 cases (build=147, empty=25) signals(metric/log/trace)=933/583/335 current=66cfe1dd-121 elapsed=4209.4s
[progress] 149/400 cases (build=149, empty=25) signals(metric/log/trace)=949/593/347 current=67ca80f6-415 elapsed=4239.4s
[progress] 152/400 cases (build=152, empty=25) signals(metric/log/trace)=973/605/354 current=68bbf4fd-332 elapsed=4298.4s
[progress] 154/400 cases (build=154, empty=25) signals(metric/log/trace)=989/615/356 current=6a9a1c00-210 elapsed=4380.2s
[progress] 155/400 cases (build=155, empty=25) signals(metric/log/trace)=996/621/356 current=6a9c8dc7-498 elapsed=4446.6s
[progress] 157/400 cases (build=157, empty=25) signals(metric/log/trace)=1012/633/357 current=6d1ad486-497 elapsed=4539.8s
[progress] 158/400 cases (build=158, empty=25) signals(metric/log/trace)=1020/639/363 current=6dee3cf4-590 elapsed=4606.1s
[progress] 159/400 cases (build=159, empty=25) signals(metric/log/trace)=1026/645/363 current=6e08f907-417 elapsed=4660.2s
[progress] 161/400 cases (build=161, empty=25) signals(metric/log/trace)=1042/655/370 current=6ef260df-97 elapsed=4753.1s
[progress] 162/400 cases (build=162, empty=25) signals(metric/log/trace)=1047/661/370 current=6f84e51d-140 elapsed=4817.6s
[progress] 163/400 cases (build=163, empty=25) signals(metric/log/trace)=1054/667/370 current=70d3b8b0-329 elapsed=4893.6s
[progress] 164/400 cases (build=164, empty=25) signals(metric/log/trace)=1061/673/370 current=71964944-254 elapsed=4942.1s
[progress] 166/400 cases (build=166, empty=26) signals(metric/log/trace)=1066/679/370 current=732d8fff-569 elapsed=5041.3s
[progress] 168/400 cases (build=168, empty=26) signals(metric/log/trace)=1082/691/373 current=744d4e2b-106 elapsed=5083.7s
[progress] 170/400 cases (build=170, empty=26) signals(metric/log/trace)=1098/701/380 current=74bd0298-209 elapsed=5166.7s
[progress] 171/400 cases (build=171, empty=26) signals(metric/log/trace)=1106/707/381 current=7513dbaf-190 elapsed=5239.0s
[progress] 173/400 cases (build=173, empty=26) signals(metric/log/trace)=1122/713/387 current=76222cb2-331 elapsed=5303.8s
[progress] 174/400 cases (build=174, empty=26) signals(metric/log/trace)=1130/719/393 current=76937ba4-346 elapsed=5349.0s
[progress] 176/400 cases (build=176, empty=27) signals(metric/log/trace)=1138/723/394 current=7984364a-195 elapsed=5388.6s
[progress] 177/400 cases (build=177, empty=28) signals(metric/log/trace)=1138/723/394 current=7a54210f-562 elapsed=5452.6s
[progress] 179/400 cases (build=179, empty=28) signals(metric/log/trace)=1154/735/395 current=7bdc4b83-164 elapsed=5517.0s
[progress] 182/400 cases (build=182, empty=28) signals(metric/log/trace)=1176/747/401 current=7d463806-423 elapsed=5607.5s
[progress] 183/400 cases (build=183, empty=29) signals(metric/log/trace)=1176/747/401 current=7db04792-496 elapsed=5686.3s
[progress] 185/400 cases (build=185, empty=30) signals(metric/log/trace)=1184/753/406 current=7e03b07d-188 elapsed=5769.2s
[progress] 187/400 cases (build=187, empty=30) signals(metric/log/trace)=1200/765/412 current=7e7b6ea4-228 elapsed=5803.0s
[progress] 189/400 cases (build=189, empty=30) signals(metric/log/trace)=1216/777/424 current=80cdc066-374 elapsed=5861.0s
[progress] 190/400 cases (build=190, empty=30) signals(metric/log/trace)=1224/777/425 current=81a145a5-394 elapsed=5916.5s
[progress] 191/400 cases (build=191, empty=30) signals(metric/log/trace)=1232/783/431 current=825545e5-279 elapsed=5952.6s
[progress] 192/400 cases (build=192, empty=31) signals(metric/log/trace)=1232/783/431 current=83524cef-323 elapsed=6004.7s
[progress] 194/400 cases (build=194, empty=32) signals(metric/log/trace)=1240/783/433 current=8440ee17-580 elapsed=6039.4s
[progress] 195/400 cases (build=195, empty=32) signals(metric/log/trace)=1248/789/436 current=84f4b04a-283 elapsed=6090.5s
[progress] 197/400 cases (build=197, empty=33) signals(metric/log/trace)=1256/793/437 current=8781f965-388 elapsed=6124.3s
[progress] 199/400 cases (build=199, empty=33) signals(metric/log/trace)=1272/805/444 current=88b7daff-343 elapsed=6155.7s
[progress] 200/400 cases (build=200, empty=33) signals(metric/log/trace)=1280/811/450 current=88f808ff-426 elapsed=6208.2s
[progress] 201/400 cases (build=201, empty=33) signals(metric/log/trace)=1288/817/450 current=89c85406-162 elapsed=6258.2s
[progress] 203/400 cases (build=203, empty=33) signals(metric/log/trace)=1304/827/457 current=8c1e8ce9-237 elapsed=6324.7s
[progress] 204/400 cases (build=204, empty=34) signals(metric/log/trace)=1304/827/457 current=8c1e905b-592 elapsed=6365.4s
[progress] 206/400 cases (build=206, empty=34) signals(metric/log/trace)=1320/831/469 current=8c7ed41d-249 elapsed=6395.8s
[progress] 208/400 cases (build=208, empty=35) signals(metric/log/trace)=1328/837/469 current=8cf433b4-122 elapsed=6446.4s
[progress] 210/400 cases (build=210, empty=36) signals(metric/log/trace)=1336/840/475 current=8e7a3965-336 elapsed=6479.2s
[progress] 211/400 cases (build=211, empty=36) signals(metric/log/trace)=1344/846/475 current=913e1ecf-194 elapsed=6510.6s
[progress] 214/400 cases (build=214, empty=37) signals(metric/log/trace)=1360/856/482 current=92e5a649-207 elapsed=6578.5s
[progress] 216/400 cases (build=216, empty=37) signals(metric/log/trace)=1376/868/491 current=9450018e-372 elapsed=6627.8s
[progress] 217/400 cases (build=217, empty=37) signals(metric/log/trace)=1384/874/491 current=94d48f2c-144 elapsed=6682.2s
[progress] 219/400 cases (build=219, empty=37) signals(metric/log/trace)=1399/886/494 current=959cfb67-502 elapsed=6716.3s
[progress] 220/400 cases (build=220, empty=37) signals(metric/log/trace)=1399/888/496 current=96e4b852-189 elapsed=6769.5s
[progress] 221/400 cases (build=221, empty=37) signals(metric/log/trace)=1407/894/502 current=96fed9c7-427 elapsed=6807.4s
[progress] 222/400 cases (build=222, empty=37) signals(metric/log/trace)=1415/900/503 current=97d37c35-186 elapsed=6858.5s
[progress] 223/400 cases (build=223, empty=37) signals(metric/log/trace)=1423/906/504 current=980853cb-240 elapsed=6889.3s
[progress] 226/400 cases (build=226, empty=37) signals(metric/log/trace)=1445/918/504 current=994849cc-180 elapsed=6924.1s
[progress] 229/400 cases (build=229, empty=37) signals(metric/log/trace)=1469/936/511 current=9b0d8a50-187 elapsed=6997.0s
[progress] 230/400 cases (build=230, empty=37) signals(metric/log/trace)=1477/938/517 current=9c3b8fe7-282 elapsed=7044.7s
[progress] 231/400 cases (build=231, empty=38) signals(metric/log/trace)=1477/938/517 current=9ce187ea-493 elapsed=7095.4s
[progress] 233/400 cases (build=233, empty=39) signals(metric/log/trace)=1485/944/523 current=9d5bc038-419 elapsed=7147.0s
[progress] 234/400 cases (build=234, empty=40) signals(metric/log/trace)=1485/944/523 current=9ee6b9ce-377 elapsed=7202.6s
[progress] 236/400 cases (build=236, empty=40) signals(metric/log/trace)=1500/950/524 current=a061c961-225 elapsed=7235.6s
[progress] 238/400 cases (build=238, empty=40) signals(metric/log/trace)=1516/956/530 current=a0d5329b-489 elapsed=7276.7s
[progress] 240/400 cases (build=240, empty=40) signals(metric/log/trace)=1530/966/531 current=a1b60eea-278 elapsed=7333.6s
[progress] 242/400 cases (build=242, empty=40) signals(metric/log/trace)=1545/973/537 current=a363d826-117 elapsed=7380.2s
[progress] 246/400 cases (build=246, empty=40) signals(metric/log/trace)=1574/985/537 current=a54c75dc-111 elapsed=7420.1s
[progress] 249/400 cases (build=249, empty=40) signals(metric/log/trace)=1596/1001/539 current=a7b21b38-262 elapsed=7496.5s
[progress] 251/400 cases (build=251, empty=40) signals(metric/log/trace)=1612/1007/540 current=a85d0720-120 elapsed=7576.2s
[progress] 252/400 cases (build=252, empty=41) signals(metric/log/trace)=1612/1007/540 current=a87be781-351 elapsed=7628.8s
[progress] 254/400 cases (build=254, empty=41) signals(metric/log/trace)=1628/1019/546 current=a9c6d6c9-159 elapsed=7666.4s
[progress] 256/400 cases (build=256, empty=41) signals(metric/log/trace)=1644/1031/548 current=aa53ee7c-259 elapsed=7733.2s
[progress] 258/400 cases (build=258, empty=41) signals(metric/log/trace)=1660/1043/555 current=abb62970-110 elapsed=7772.2s
[progress] 260/400 cases (build=260, empty=41) signals(metric/log/trace)=1676/1055/567 current=ac9112a4-420 elapsed=7833.5s
[progress] 262/400 cases (build=262, empty=42) signals(metric/log/trace)=1684/1061/573 current=aceeda23-570 elapsed=7876.3s
[progress] 263/400 cases (build=263, empty=42) signals(metric/log/trace)=1692/1062/573 current=ad030412-354 elapsed=7921.3s
[progress] 264/400 cases (build=264, empty=42) signals(metric/log/trace)=1700/1062/576 current=ad13b37a-146 elapsed=7960.8s
[progress] 268/400 cases (build=268, empty=42) signals(metric/log/trace)=1732/1074/589 current=b06baad3-363 elapsed=8004.7s
[progress] 271/400 cases (build=271, empty=42) signals(metric/log/trace)=1754/1086/589 current=b1affa2a-424 elapsed=8084.9s
[progress] 272/400 cases (build=272, empty=42) signals(metric/log/trace)=1760/1092/589 current=b1dff953-217 elapsed=8139.8s
[progress] 274/400 cases (build=274, empty=42) signals(metric/log/trace)=1776/1097/590 current=b531523c-584 elapsed=8177.5s
[progress] 277/400 cases (build=277, empty=42) signals(metric/log/trace)=1799/1115/602 current=b78dafc3-312 elapsed=8217.9s
[progress] 279/400 cases (build=279, empty=42) signals(metric/log/trace)=1815/1121/614 current=b9539d8e-345 elapsed=8257.2s
[progress] 282/400 cases (build=282, empty=44) signals(metric/log/trace)=1823/1122/620 current=ba4ffa4e-416 elapsed=8290.1s
[progress] 283/400 cases (build=283, empty=44) signals(metric/log/trace)=1831/1128/626 current=ba74cb57-142 elapsed=8343.5s
[progress] 284/400 cases (build=284, empty=44) signals(metric/log/trace)=1839/1134/626 current=bb585575-589 elapsed=8392.2s
[progress] 286/400 cases (build=286, empty=44) signals(metric/log/trace)=1851/1146/626 current=bc2f1dfa-114 elapsed=8451.5s
[progress] 288/400 cases (build=288, empty=44) signals(metric/log/trace)=1867/1158/638 current=bc6f6978-239 elapsed=8510.0s
[progress] 290/400 cases (build=290, empty=44) signals(metric/log/trace)=1875/1164/644 current=bc9db995-235 elapsed=8580.7s
[progress] 291/400 cases (build=291, empty=44) signals(metric/log/trace)=1881/1170/644 current=bd4bafd7-567 elapsed=8633.3s
[progress] 292/400 cases (build=292, empty=44) signals(metric/log/trace)=1889/1176/650 current=bd9203a8-568 elapsed=8692.9s
[progress] 294/400 cases (build=294, empty=44) signals(metric/log/trace)=1905/1187/653 current=be622d9e-412 elapsed=8725.9s
[progress] 295/400 cases (build=295, empty=44) signals(metric/log/trace)=1913/1192/659 current=bf022434-378 elapsed=8780.9s
[progress] 296/400 cases (build=296, empty=44) signals(metric/log/trace)=1913/1192/661 current=c002ac2b-95 elapsed=8822.0s
[progress] 298/400 cases (build=298, empty=45) signals(metric/log/trace)=1919/1198/661 current=c1e38e2e-399 elapsed=8867.9s
[progress] 300/400 cases (build=300, empty=45) signals(metric/log/trace)=1935/1204/673 current=c3377c5c-337 elapsed=8901.5s
[progress] 301/400 cases (build=301, empty=45) signals(metric/log/trace)=1943/1210/679 current=c3f4fde9-330 elapsed=8966.6s
[progress] 302/400 cases (build=302, empty=45) signals(metric/log/trace)=1951/1211/685 current=c4b46577-499 elapsed=9009.4s
[progress] 304/400 cases (build=304, empty=46) signals(metric/log/trace)=1959/1213/688 current=c6e9faa0-270 elapsed=9045.6s
[progress] 305/400 cases (build=305, empty=46) signals(metric/log/trace)=1967/1219/691 current=c730da7b-260 elapsed=9099.3s
[progress] 306/400 cases (build=306, empty=46) signals(metric/log/trace)=1975/1225/692 current=c9832b3e-191 elapsed=9159.8s
[progress] 307/400 cases (build=307, empty=46) signals(metric/log/trace)=1983/1231/698 current=c9ba0b22-566 elapsed=9196.3s
[progress] 309/400 cases (build=309, empty=46) signals(metric/log/trace)=1999/1243/705 current=cb5815ce-161 elapsed=9259.7s
[progress] 310/400 cases (build=310, empty=46) signals(metric/log/trace)=2007/1247/708 current=cbd1f06b-565 elapsed=9306.9s
[progress] 311/400 cases (build=311, empty=46) signals(metric/log/trace)=2015/1251/709 current=cc3b1830-139 elapsed=9355.7s
[progress] 314/400 cases (build=314, empty=47) signals(metric/log/trace)=2030/1257/709 current=cc8e0450-593 elapsed=9423.8s
[progress] 315/400 cases (build=315, empty=47) signals(metric/log/trace)=2038/1263/715 current=cd049902-400 elapsed=9471.6s
[progress] 317/400 cases (build=317, empty=47) signals(metric/log/trace)=2038/1265/719 current=cebb47f5-165 elapsed=9540.6s
[progress] 321/400 cases (build=320, empty=47) signals(metric/log/trace)=2070/1271/726 current=d124f9b7-379 elapsed=9616.3s
[progress] 322/400 cases (build=320, empty=47) signals(metric/log/trace)=2078/1277/726 current=d1e74aa8-214 elapsed=9670.0s
[progress] 324/400 cases (build=320, empty=47) signals(metric/log/trace)=2084/1285/726 current=d3691ad9-492 elapsed=9731.6s
[progress] 325/400 cases (build=320, empty=47) signals(metric/log/trace)=2090/1291/726 current=d36dd82b-255 elapsed=9781.8s
[progress] 326/400 cases (build=320, empty=47) signals(metric/log/trace)=2098/1297/732 current=d3bd27f3-90 elapsed=9820.7s
[progress] 327/400 cases (build=320, empty=47) signals(metric/log/trace)=2098/1299/734 current=d3dd6ed7-183 elapsed=9861.7s
[progress] 328/400 cases (build=320, empty=47) signals(metric/log/trace)=2106/1305/740 current=d44478e6-328 elapsed=9917.9s
[progress] 330/400 cases (build=320, empty=47) signals(metric/log/trace)=2120/1317/746 current=d6b961d4-587 elapsed=9986.4s
[progress] 332/400 cases (build=320, empty=48) signals(metric/log/trace)=2128/1317/746 current=d99a98a0-233 elapsed=10036.9s
[progress] 334/400 cases (build=320, empty=48) signals(metric/log/trace)=2140/1329/747 current=d9fb014e-206 elapsed=10076.2s
[progress] 336/400 cases (build=320, empty=48) signals(metric/log/trace)=2155/1341/748 current=db4628f8-261 elapsed=10149.7s
[progress] 337/400 cases (build=320, empty=48) signals(metric/log/trace)=2163/1347/754 current=dc331a0b-118 elapsed=10203.5s
[progress] 338/400 cases (build=320, empty=48) signals(metric/log/trace)=2171/1353/760 current=dc62e30c-113 elapsed=10244.4s
[progress] 341/400 cases (build=320, empty=48) signals(metric/log/trace)=2195/1371/767 current=de4a919c-126 elapsed=10276.9s
[progress] 342/400 cases (build=320, empty=48) signals(metric/log/trace)=2203/1377/768 current=de83df2d-281 elapsed=10326.7s
[progress] 344/400 cases (build=320, empty=48) signals(metric/log/trace)=2219/1389/770 current=df892932-168 elapsed=10396.7s
[progress] 345/400 cases (build=320, empty=49) signals(metric/log/trace)=2219/1389/770 current=e025b3a4-591 elapsed=10449.0s
[progress] 348/400 cases (build=320, empty=49) signals(metric/log/trace)=2243/1399/782 current=e1950aec-393 elapsed=10507.8s
[progress] 350/400 cases (build=320, empty=49) signals(metric/log/trace)=2258/1406/788 current=e1c6a610-408 elapsed=10542.4s
[progress] 352/400 cases (build=320, empty=49) signals(metric/log/trace)=2274/1418/795 current=e2750b43-116 elapsed=10606.1s
[progress] 353/400 cases (build=320, empty=50) signals(metric/log/trace)=2274/1418/795 current=e3884815-369 elapsed=10639.1s
[progress] 354/400 cases (build=320, empty=50) signals(metric/log/trace)=2280/1424/795 current=e4dae239-284 elapsed=10693.7s
[progress] 355/400 cases (build=320, empty=50) signals(metric/log/trace)=2288/1430/801 current=e4ef8a12-193 elapsed=10732.3s
[progress] 356/400 cases (build=320, empty=50) signals(metric/log/trace)=2296/1436/801 current=e4ff5a70-231 elapsed=10774.4s
[progress] 357/400 cases (build=320, empty=51) signals(metric/log/trace)=2296/1436/801 current=e50db6d8-585 elapsed=10815.4s
[progress] 358/400 cases (build=320, empty=51) signals(metric/log/trace)=2304/1442/807 current=e539dea4-322 elapsed=10856.4s
[progress] 359/400 cases (build=320, empty=51) signals(metric/log/trace)=2312/1448/808 current=e55fb1cb-192 elapsed=10918.3s
[progress] 360/400 cases (build=320, empty=51) signals(metric/log/trace)=2320/1454/814 current=e566fa68-404 elapsed=10949.2s
[progress] 362/400 cases (build=320, empty=51) signals(metric/log/trace)=2334/1460/814 current=e7648f7d-490 elapsed=10998.7s
[progress] 363/400 cases (build=320, empty=52) signals(metric/log/trace)=2334/1460/814 current=e7f160ac-422 elapsed=11041.1s
[progress] 365/400 cases (build=320, empty=52) signals(metric/log/trace)=2346/1472/814 current=e955714b-280 elapsed=11110.4s
[progress] 366/400 cases (build=320, empty=52) signals(metric/log/trace)=2346/1475/816 current=eaf978d7-208 elapsed=11158.5s
[progress] 368/400 cases (build=320, empty=52) signals(metric/log/trace)=2361/1487/822 current=eb79e778-204 elapsed=11197.9s
[progress] 370/400 cases (build=320, empty=53) signals(metric/log/trace)=2369/1493/822 current=ec746a17-395 elapsed=11233.7s
[progress] 371/400 cases (build=320, empty=53) signals(metric/log/trace)=2377/1499/828 current=ed40c5a3-324 elapsed=11282.4s
[progress] 372/400 cases (build=320, empty=53) signals(metric/log/trace)=2385/1503/829 current=ee69c707-234 elapsed=11330.9s
[progress] 374/400 cases (build=320, empty=53) signals(metric/log/trace)=2399/1515/835 current=ef2a4fbb-87 elapsed=11363.5s
[progress] 376/400 cases (build=320, empty=54) signals(metric/log/trace)=2399/1515/837 current=f066e1dd-145 elapsed=11422.6s
[progress] 377/400 cases (build=320, empty=54) signals(metric/log/trace)=2407/1521/837 current=f18b68cd-119 elapsed=11479.5s
[progress] 378/400 cases (build=320, empty=54) signals(metric/log/trace)=2415/1525/838 current=f35a1832-257 elapsed=11533.0s
[progress] 380/400 cases (build=320, empty=55) signals(metric/log/trace)=2423/1529/838 current=f475f2fe-594 elapsed=11584.2s
[progress] 381/400 cases (build=320, empty=55) signals(metric/log/trace)=2431/1535/841 current=f48a6b60-112 elapsed=11619.8s
[progress] 384/400 cases (build=320, empty=57) signals(metric/log/trace)=2439/1541/841 current=f625bd45-479 elapsed=11662.0s
[progress] 385/400 cases (build=320, empty=57) signals(metric/log/trace)=2447/1547/842 current=f62b1785-258 elapsed=11712.4s
[progress] 388/400 cases (build=320, empty=57) signals(metric/log/trace)=2469/1558/843 current=f887d7ff-238 elapsed=11771.6s
[progress] 389/400 cases (build=320, empty=57) signals(metric/log/trace)=2476/1564/843 current=f99b1645-137 elapsed=11820.2s
[progress] 391/400 cases (build=320, empty=58) signals(metric/log/trace)=2481/1570/843 current=fa555038-392 elapsed=11859.8s
[progress] 393/400 cases (build=320, empty=58) signals(metric/log/trace)=2497/1582/844 current=fb327034-184 elapsed=11919.2s
[progress] 396/400 cases (build=320, empty=59) signals(metric/log/trace)=2513/1588/850 current=fc44280d-133 elapsed=11951.5s
[progress] 397/400 cases (build=320, empty=59) signals(metric/log/trace)=2521/1594/856 current=fe25ee9b-143 elapsed=11993.5s
[progress] 399/400 cases (build=320, empty=59) signals(metric/log/trace)=2537/1604/863 current=ff15d32c-199 elapsed=12025.6s
[progress] 400/400 cases (build=320, empty=59) signals(metric/log/trace)=2545/1610/869 current=ffabbbb0-227 elapsed=12037.2s
{
  "status": "completed",
  "cases": 400,
  "total_cases": 400,
  "build_cases": 320,
  "metric_signals": 2545,
  "log_signals": 1610,
  "trace_signals": 869,
  "empty_cases": 59,
  "output_root": "D:\\Agent\\OpsCaption\\aiopschallenge2025\\baseline"
}
