[2026-04-12 13:07:39] repo_root=D:\Agent\OpsCaption
[2026-04-12 13:07:39] dataset_root=D:\Agent\OpsCaption\aiopschallenge2025
[2026-04-12 13:07:39] output_root=D:\Agent\OpsCaption\aiopschallenge2025\baseline
[2026-04-12 13:07:39] ssh_host=tencent-opscaptain
[2026-04-12 13:07:39] remote_workspace=/opt/opscaptain/baseline-workspace
[2026-04-12 13:07:39] mode=full
[2026-04-12 13:07:39] progress_seconds=30
[2026-04-12 13:07:39] poll_seconds=30
[2026-04-12 13:07:39] log_path=d:\Agent\OpsCaption\logs\telemetry-local-remote-20260412-130739.log
[2026-04-12 13:07:40] stopping existing telemetry builder pid=364848
[2026-04-12 13:07:41] cleaning previous telemetry output
[2026-04-12 13:07:41] starting local telemetry preprocessing
[2026-04-12 13:07:41] builder_pid=348716
[2026-04-12 13:08:11] local_progress cases=1/400 build_cases=1 docs_build=1 empty=0 current=009be6db-313 elapsed=16.3s
[2026-04-12 13:08:41] local_progress cases=3/400 build_cases=3 docs_build=3 empty=1 current=0410d710-226 elapsed=55.2s
[2026-04-12 13:09:11] local_progress cases=3/400 build_cases=3 docs_build=3 empty=1 current=0410d710-226 elapsed=55.2s
[2026-04-12 13:09:41] local_progress cases=4/400 build_cases=4 docs_build=4 empty=1 current=0419ba04-373 elapsed=90.7s
[2026-04-12 13:10:11] local_progress cases=5/400 build_cases=5 docs_build=7 empty=1 current=04418665-287 elapsed=127.9s
[2026-04-12 13:10:41] local_progress cases=8/400 build_cases=8 docs_build=8 empty=1 current=0718e0f9-92 elapsed=165.5s
[2026-04-12 13:11:11] local_progress cases=10/400 build_cases=10 docs_build=10 empty=1 current=099ce7e2-274 elapsed=198.1s
[2026-04-12 13:11:41] local_progress cases=10/400 build_cases=10 docs_build=12 empty=1 current=099ce7e2-274 elapsed=198.1s
[2026-04-12 13:12:11] local_progress cases=13/400 build_cases=13 docs_build=14 empty=2 current=0a4c5c18-349 elapsed=251.6s
[2026-04-12 13:12:41] local_progress cases=15/400 build_cases=15 docs_build=15 empty=3 current=0b81a605-339 elapsed=283.2s
[2026-04-12 13:13:11] local_progress cases=16/400 build_cases=16 docs_build=16 empty=3 current=0efb9550-160 elapsed=328.7s
[2026-04-12 13:13:41] local_progress cases=16/400 build_cases=16 docs_build=17 empty=3 current=0efb9550-160 elapsed=328.7s
[2026-04-12 13:14:11] local_progress cases=16/400 build_cases=16 docs_build=17 empty=3 current=0efb9550-160 elapsed=328.7s
[2026-04-12 13:14:41] local_progress cases=18/400 build_cases=18 docs_build=19 empty=3 current=1003cbad-421 elapsed=396.3s
[2026-04-12 13:15:11] local_progress cases=20/400 build_cases=20 docs_build=20 empty=3 current=1193b5d8-230 elapsed=430.2s
[2026-04-12 13:15:41] local_progress cases=21/400 build_cases=21 docs_build=21 empty=3 current=11cdd935-418 elapsed=478.2s
[2026-04-12 13:16:11] local_progress cases=21/400 build_cases=21 docs_build=21 empty=3 current=11cdd935-418 elapsed=478.2s
[2026-04-12 13:16:41] local_progress cases=22/400 build_cases=22 docs_build=22 empty=3 current=11f619f0-285 elapsed=516.6s
[2026-04-12 13:17:11] local_progress cases=22/400 build_cases=22 docs_build=22 empty=3 current=11f619f0-285 elapsed=516.6s
[2026-04-12 13:17:41] local_progress cases=23/400 build_cases=23 docs_build=23 empty=3 current=13ebf32d-216 elapsed=578.0s
[2026-04-12 13:18:11] local_progress cases=24/400 build_cases=24 docs_build=24 empty=4 current=146da42a-586 elapsed=624.9s
[2026-04-12 13:18:41] local_progress cases=24/400 build_cases=24 docs_build=25 empty=4 current=146da42a-586 elapsed=624.9s
[2026-04-12 13:19:11] local_progress cases=26/400 build_cases=26 docs_build=26 empty=4 current=14cf33ba-256 elapsed=684.4s
[2026-04-12 13:19:41] local_progress cases=26/400 build_cases=26 docs_build=26 empty=4 current=14cf33ba-256 elapsed=684.4s
[2026-04-12 13:20:11] local_progress cases=27/400 build_cases=27 docs_build=29 empty=5 current=1573cbd5-588 elapsed=732.0s
[2026-04-12 13:20:41] local_progress cases=27/400 build_cases=27 docs_build=29 empty=5 current=1573cbd5-588 elapsed=732.0s
[2026-04-12 13:21:11] local_progress cases=30/400 build_cases=30 docs_build=30 empty=6 current=178aa45f-353 elapsed=795.9s
[2026-04-12 13:21:41] local_progress cases=30/400 build_cases=30 docs_build=30 empty=6 current=178aa45f-353 elapsed=795.9s
[2026-04-12 13:22:11] local_progress cases=31/400 build_cases=31 docs_build=33 empty=7 current=17ed37a5-494 elapsed=848.6s
[2026-04-12 13:22:41] local_progress cases=35/400 build_cases=35 docs_build=35 empty=8 current=1c47d7bf-157 elapsed=895.1s
[2026-04-12 13:23:11] local_progress cases=35/400 build_cases=35 docs_build=35 empty=8 current=1c47d7bf-157 elapsed=895.1s
[2026-04-12 13:23:41] local_progress cases=36/400 build_cases=36 docs_build=36 empty=8 current=1c4a277a-491 elapsed=948.6s
[2026-04-12 13:24:11] local_progress cases=36/400 build_cases=36 docs_build=36 empty=8 current=1c4a277a-491 elapsed=948.6s
[2026-04-12 13:24:41] local_progress cases=37/400 build_cases=37 docs_build=38 empty=8 current=1d868f8e-347 elapsed=1000.9s
[2026-04-12 13:25:11] local_progress cases=37/400 build_cases=37 docs_build=38 empty=8 current=1d868f8e-347 elapsed=1000.9s
[2026-04-12 13:25:41] local_progress cases=39/400 build_cases=39 docs_build=40 empty=9 current=1ef94bd7-352 elapsed=1074.3s
[2026-04-12 13:26:11] local_progress cases=39/400 build_cases=39 docs_build=40 empty=9 current=1ef94bd7-352 elapsed=1074.3s
[2026-04-12 13:26:41] local_progress cases=41/400 build_cases=41 docs_build=41 empty=9 current=1fbef130-185 elapsed=1127.3s
[2026-04-12 13:27:11] local_progress cases=41/400 build_cases=41 docs_build=41 empty=9 current=1fbef130-185 elapsed=1127.3s
[2026-04-12 13:27:41] local_progress cases=42/400 build_cases=42 docs_build=42 empty=9 current=20622318-94 elapsed=1178.1s
[2026-04-12 13:28:11] local_progress cases=44/400 build_cases=44 docs_build=44 empty=10 current=20f9c3bc-558 elapsed=1218.6s
[2026-04-12 13:28:41] local_progress cases=46/400 build_cases=46 docs_build=46 empty=11 current=21aa302f-132 elapsed=1253.2s
[2026-04-12 13:29:11] local_progress cases=46/400 build_cases=46 docs_build=46 empty=11 current=21aa302f-132 elapsed=1253.2s
[2026-04-12 13:29:41] local_progress cases=47/400 build_cases=47 docs_build=47 empty=11 current=2272a5ff-138 elapsed=1305.9s
[2026-04-12 13:30:11] local_progress cases=47/400 build_cases=47 docs_build=49 empty=11 current=2272a5ff-138 elapsed=1305.9s
[2026-04-12 13:30:41] local_progress cases=50/400 build_cases=50 docs_build=52 empty=11 current=251c4f53-179 elapsed=1350.2s
[2026-04-12 13:31:11] local_progress cases=53/400 build_cases=53 docs_build=53 empty=12 current=25ce9c41-430 elapsed=1383.8s
[2026-04-12 13:31:41] local_progress cases=54/400 build_cases=54 docs_build=54 empty=12 current=26c9ab68-91 elapsed=1432.1s
[2026-04-12 13:32:11] local_progress cases=54/400 build_cases=54 docs_build=55 empty=12 current=26c9ab68-91 elapsed=1432.1s
[2026-04-12 13:32:41] local_progress cases=56/400 build_cases=56 docs_build=57 empty=12 current=27914c5a-288 elapsed=1481.0s
[2026-04-12 13:33:11] local_progress cases=56/400 build_cases=56 docs_build=57 empty=12 current=27914c5a-288 elapsed=1481.0s
[2026-04-12 13:33:41] local_progress cases=58/400 build_cases=58 docs_build=58 empty=13 current=2878f9f0-376 elapsed=1552.2s
[2026-04-12 13:34:11] local_progress cases=58/400 build_cases=58 docs_build=59 empty=13 current=2878f9f0-376 elapsed=1552.2s
[2026-04-12 13:34:41] local_progress cases=60/400 build_cases=60 docs_build=60 empty=13 current=29f88351-232 elapsed=1616.6s
[2026-04-12 13:35:11] local_progress cases=60/400 build_cases=60 docs_build=60 empty=13 current=29f88351-232 elapsed=1616.6s
[2026-04-12 13:35:41] local_progress cases=60/400 build_cases=60 docs_build=60 empty=13 current=29f88351-232 elapsed=1616.6s
[2026-04-12 13:36:11] local_progress cases=61/400 build_cases=61 docs_build=61 empty=13 current=2cce5582-215 elapsed=1680.6s
[2026-04-12 13:36:41] local_progress cases=62/400 build_cases=62 docs_build=63 empty=13 current=2e8873a5-370 elapsed=1727.0s
[2026-04-12 13:37:11] local_progress cases=62/400 build_cases=62 docs_build=63 empty=13 current=2e8873a5-370 elapsed=1727.0s
[2026-04-12 13:37:41] local_progress cases=64/400 build_cases=64 docs_build=65 empty=13 current=31392fda-93 elapsed=1788.8s
[2026-04-12 13:38:12] local_progress cases=68/400 build_cases=68 docs_build=68 empty=15 current=33492fcd-575 elapsed=1823.4s
[2026-04-12 13:38:42] local_progress cases=68/400 build_cases=68 docs_build=69 empty=15 current=33492fcd-575 elapsed=1823.4s
[2026-04-12 13:39:12] local_progress cases=68/400 build_cases=68 docs_build=69 empty=15 current=33492fcd-575 elapsed=1823.4s
[2026-04-12 13:39:42] local_progress cases=70/400 build_cases=70 docs_build=71 empty=15 current=342d4820-100 elapsed=1890.7s
[2026-04-12 13:40:12] local_progress cases=72/400 build_cases=72 docs_build=73 empty=15 current=345fbe93-80 elapsed=1922.7s
[2026-04-12 13:40:42] local_progress cases=74/400 build_cases=74 docs_build=75 empty=15 current=36937f85-134 elapsed=1955.5s
[2026-04-12 13:41:12] local_progress cases=76/400 build_cases=76 docs_build=76 empty=15 current=371ba498-375 elapsed=2006.2s
[2026-04-12 13:41:42] local_progress cases=76/400 build_cases=76 docs_build=77 empty=15 current=371ba498-375 elapsed=2006.2s
[2026-04-12 13:42:12] local_progress cases=78/400 build_cases=78 docs_build=79 empty=16 current=38d69375-380 elapsed=2042.3s
[2026-04-12 13:42:42] local_progress cases=80/400 build_cases=80 docs_build=80 empty=16 current=3966f44b-396 elapsed=2090.9s
[2026-04-12 13:43:12] local_progress cases=81/400 build_cases=81 docs_build=81 empty=16 current=3ae307d9-218 elapsed=2123.6s
[2026-04-12 13:43:42] local_progress cases=83/400 build_cases=83 docs_build=83 empty=17 current=3d284cf0-333 elapsed=2154.8s
[2026-04-12 13:44:12] local_progress cases=83/400 build_cases=83 docs_build=84 empty=17 current=3d284cf0-333 elapsed=2154.8s
[2026-04-12 13:44:42] local_progress cases=85/400 build_cases=85 docs_build=85 empty=17 current=3d6c95dd-595 elapsed=2214.1s
[2026-04-12 13:45:12] local_progress cases=85/400 build_cases=85 docs_build=85 empty=17 current=3d6c95dd-595 elapsed=2214.1s
[2026-04-12 13:45:42] local_progress cases=86/400 build_cases=86 docs_build=87 empty=17 current=3da57a36-286 elapsed=2264.5s
[2026-04-12 13:46:12] local_progress cases=86/400 build_cases=86 docs_build=87 empty=17 current=3da57a36-286 elapsed=2264.5s
[2026-04-12 13:46:42] local_progress cases=88/400 build_cases=88 docs_build=88 empty=17 current=3f4b31ee-402 elapsed=2340.2s
[2026-04-12 13:47:12] local_progress cases=88/400 build_cases=88 docs_build=89 empty=17 current=3f4b31ee-402 elapsed=2340.2s
[2026-04-12 13:47:42] local_progress cases=90/400 build_cases=90 docs_build=90 empty=17 current=4153e4c6-397 elapsed=2393.7s
[2026-04-12 13:48:12] local_progress cases=90/400 build_cases=90 docs_build=91 empty=17 current=4153e4c6-397 elapsed=2393.7s
[2026-04-12 13:48:42] local_progress cases=92/400 build_cases=92 docs_build=92 empty=17 current=42c6ad6f-136 elapsed=2450.0s
[2026-04-12 13:49:12] local_progress cases=92/400 build_cases=92 docs_build=92 empty=17 current=42c6ad6f-136 elapsed=2450.0s
[2026-04-12 13:49:42] local_progress cases=93/400 build_cases=93 docs_build=94 empty=17 current=43e1b3bf-163 elapsed=2495.2s
[2026-04-12 13:50:12] local_progress cases=96/400 build_cases=96 docs_build=96 empty=17 current=462e3353-107 elapsed=2539.2s
[2026-04-12 13:50:42] local_progress cases=96/400 build_cases=96 docs_build=98 empty=17 current=462e3353-107 elapsed=2539.2s
[2026-04-12 13:51:12] local_progress cases=96/400 build_cases=96 docs_build=98 empty=17 current=462e3353-107 elapsed=2539.2s
[2026-04-12 13:51:42] local_progress cases=99/400 build_cases=99 docs_build=99 empty=18 current=47fe21f6-167 elapsed=2626.1s
[2026-04-12 13:52:12] local_progress cases=99/400 build_cases=99 docs_build=99 empty=18 current=47fe21f6-167 elapsed=2626.1s
[2026-04-12 13:52:42] local_progress cases=100/400 build_cases=100 docs_build=102 empty=18 current=499d8ec0-211 elapsed=2675.9s
[2026-04-12 13:53:12] local_progress cases=103/400 build_cases=103 docs_build=103 empty=18 current=4ab999b7-96 elapsed=2727.8s
[2026-04-12 13:53:42] local_progress cases=103/400 build_cases=103 docs_build=103 empty=18 current=4ab999b7-96 elapsed=2727.8s
[2026-04-12 13:54:12] local_progress cases=104/400 build_cases=104 docs_build=104 empty=19 current=4b225f4a-348 elapsed=2775.8s
[2026-04-12 13:54:42] local_progress cases=106/400 build_cases=106 docs_build=106 empty=19 current=4b98f078-560 elapsed=2812.5s
[2026-04-12 13:55:12] local_progress cases=106/400 build_cases=106 docs_build=106 empty=19 current=4b98f078-560 elapsed=2812.5s
[2026-04-12 13:55:42] local_progress cases=107/400 build_cases=107 docs_build=107 empty=19 current=4be46c92-236 elapsed=2861.8s
[2026-04-12 13:56:12] local_progress cases=107/400 build_cases=107 docs_build=108 empty=19 current=4be46c92-236 elapsed=2861.8s
[2026-04-12 13:56:42] local_progress cases=109/400 build_cases=109 docs_build=109 empty=19 current=4fd42adb-327 elapsed=2930.4s
[2026-04-12 13:57:12] local_progress cases=109/400 build_cases=109 docs_build=113 empty=19 current=4fd42adb-327 elapsed=2930.4s
[2026-04-12 13:57:42] local_progress cases=109/400 build_cases=109 docs_build=113 empty=19 current=4fd42adb-327 elapsed=2930.4s
[2026-04-12 13:58:12] local_progress cases=114/400 build_cases=114 docs_build=115 empty=19 current=523bb271-495 elapsed=3006.9s
[2026-04-12 13:58:42] local_progress cases=116/400 build_cases=116 docs_build=116 empty=21 current=52c722c7-571 elapsed=3059.7s
[2026-04-12 13:59:12] local_progress cases=116/400 build_cases=116 docs_build=118 empty=21 current=52c722c7-571 elapsed=3059.7s
[2026-04-12 13:59:42] local_progress cases=116/400 build_cases=116 docs_build=118 empty=21 current=52c722c7-571 elapsed=3059.7s
[2026-04-12 14:00:12] local_progress cases=119/400 build_cases=119 docs_build=120 empty=21 current=53ab3ccb-326 elapsed=3128.9s
[2026-04-12 14:00:42] local_progress cases=119/400 build_cases=119 docs_build=121 empty=21 current=53ab3ccb-326 elapsed=3128.9s
[2026-04-12 14:01:12] local_progress cases=122/400 build_cases=122 docs_build=122 empty=21 current=541f72de-115 elapsed=3185.9s
[2026-04-12 14:01:42] local_progress cases=122/400 build_cases=122 docs_build=122 empty=21 current=541f72de-115 elapsed=3185.9s
[2026-04-12 14:02:12] local_progress cases=123/400 build_cases=123 docs_build=123 empty=21 current=555d145f-99 elapsed=3246.9s
[2026-04-12 14:02:42] local_progress cases=124/400 build_cases=124 docs_build=125 empty=21 current=55759137-403 elapsed=3283.2s
[2026-04-12 14:03:12] local_progress cases=124/400 build_cases=124 docs_build=125 empty=21 current=55759137-403 elapsed=3283.2s
[2026-04-12 14:03:42] local_progress cases=126/400 build_cases=126 docs_build=127 empty=21 current=55b23e04-325 elapsed=3339.2s
[2026-04-12 14:04:12] local_progress cases=128/400 build_cases=128 docs_build=129 empty=21 current=569f2ed5-572 elapsed=3371.5s
[2026-04-12 14:04:42] local_progress cases=128/400 build_cases=128 docs_build=129 empty=21 current=569f2ed5-572 elapsed=3371.5s
[2026-04-12 14:05:12] local_progress cases=130/400 build_cases=130 docs_build=130 empty=21 current=578fce7c-166 elapsed=3438.7s
[2026-04-12 14:05:42] local_progress cases=131/400 build_cases=131 docs_build=131 empty=21 current=5934fe6f-561 elapsed=3474.8s
[2026-04-12 14:06:12] local_progress cases=131/400 build_cases=131 docs_build=131 empty=21 current=5934fe6f-561 elapsed=3474.8s
[2026-04-12 14:06:42] local_progress cases=132/400 build_cases=132 docs_build=132 empty=21 current=593e3d6b-371 elapsed=3532.3s
[2026-04-12 14:07:12] local_progress cases=132/400 build_cases=132 docs_build=132 empty=21 current=593e3d6b-371 elapsed=3532.3s
[2026-04-12 14:07:43] local_progress cases=133/400 build_cases=133 docs_build=133 empty=21 current=5a573d9d-212 elapsed=3584.4s
[2026-04-12 14:08:13] local_progress cases=133/400 build_cases=133 docs_build=133 empty=21 current=5a573d9d-212 elapsed=3584.4s
[2026-04-12 14:08:43] local_progress cases=134/400 build_cases=134 docs_build=134 empty=21 current=5b520645-141 elapsed=3641.0s
[2026-04-12 14:09:13] local_progress cases=136/400 build_cases=136 docs_build=136 empty=22 current=5c8eb611-200 elapsed=3684.5s
[2026-04-12 14:09:43] local_progress cases=136/400 build_cases=136 docs_build=136 empty=22 current=5c8eb611-200 elapsed=3684.5s
[2026-04-12 14:10:13] local_progress cases=137/400 build_cases=137 docs_build=137 empty=23 current=5cb1626b-401 elapsed=3739.9s
[2026-04-12 14:10:43] local_progress cases=137/400 build_cases=137 docs_build=138 empty=23 current=5cb1626b-401 elapsed=3739.9s
[2026-04-12 14:11:13] local_progress cases=137/400 build_cases=137 docs_build=138 empty=23 current=5cb1626b-401 elapsed=3739.9s
[2026-04-12 14:11:43] local_progress cases=139/400 build_cases=139 docs_build=139 empty=23 current=5d97906f-213 elapsed=3830.3s
[2026-04-12 14:12:13] local_progress cases=141/400 build_cases=141 docs_build=141 empty=24 current=5fb39f4b-500 elapsed=3870.3s
[2026-04-12 14:12:43] local_progress cases=141/400 build_cases=141 docs_build=141 empty=24 current=5fb39f4b-500 elapsed=3870.3s
[2026-04-12 14:13:13] local_progress cases=141/400 build_cases=141 docs_build=141 empty=24 current=5fb39f4b-500 elapsed=3870.3s
[2026-04-12 14:13:43] local_progress cases=142/400 build_cases=142 docs_build=142 empty=24 current=62e9d294-564 elapsed=3937.4s
[2026-04-12 14:14:13] local_progress cases=142/400 build_cases=142 docs_build=142 empty=24 current=62e9d294-564 elapsed=3937.4s
[2026-04-12 14:14:43] local_progress cases=143/400 build_cases=143 docs_build=143 empty=24 current=6375ea10-98 elapsed=4005.6s
[2026-04-12 14:15:13] local_progress cases=143/400 build_cases=143 docs_build=143 empty=24 current=6375ea10-98 elapsed=4005.6s
[2026-04-12 14:15:43] local_progress cases=144/400 build_cases=144 docs_build=145 empty=24 current=652408d6-398 elapsed=4054.4s
[2026-04-12 14:16:13] local_progress cases=144/400 build_cases=144 docs_build=145 empty=24 current=652408d6-398 elapsed=4054.4s
[2026-04-12 14:16:43] local_progress cases=146/400 build_cases=146 docs_build=146 empty=25 current=6637fe70-563 elapsed=4139.7s
[2026-04-12 14:17:13] local_progress cases=146/400 build_cases=146 docs_build=146 empty=25 current=6637fe70-563 elapsed=4139.7s
[2026-04-12 14:17:43] local_progress cases=146/400 build_cases=146 docs_build=146 empty=25 current=6637fe70-563 elapsed=4139.7s
[2026-04-12 14:18:13] local_progress cases=147/400 build_cases=147 docs_build=148 empty=25 current=66cfe1dd-121 elapsed=4209.4s
[2026-04-12 14:18:43] local_progress cases=149/400 build_cases=149 docs_build=151 empty=25 current=67ca80f6-415 elapsed=4239.4s
[2026-04-12 14:19:13] local_progress cases=149/400 build_cases=149 docs_build=151 empty=25 current=67ca80f6-415 elapsed=4239.4s
[2026-04-12 14:19:43] local_progress cases=152/400 build_cases=152 docs_build=153 empty=25 current=68bbf4fd-332 elapsed=4298.4s
[2026-04-12 14:20:13] local_progress cases=152/400 build_cases=152 docs_build=153 empty=25 current=68bbf4fd-332 elapsed=4298.4s
[2026-04-12 14:20:43] local_progress cases=154/400 build_cases=154 docs_build=154 empty=25 current=6a9a1c00-210 elapsed=4380.2s
[2026-04-12 14:21:13] local_progress cases=154/400 build_cases=154 docs_build=154 empty=25 current=6a9a1c00-210 elapsed=4380.2s
[2026-04-12 14:21:43] local_progress cases=154/400 build_cases=154 docs_build=154 empty=25 current=6a9a1c00-210 elapsed=4380.2s
[2026-04-12 14:22:13] local_progress cases=155/400 build_cases=155 docs_build=156 empty=25 current=6a9c8dc7-498 elapsed=4446.6s
[2026-04-12 14:22:43] local_progress cases=155/400 build_cases=155 docs_build=156 empty=25 current=6a9c8dc7-498 elapsed=4446.6s
[2026-04-12 14:23:13] local_progress cases=155/400 build_cases=155 docs_build=156 empty=25 current=6a9c8dc7-498 elapsed=4446.6s
[2026-04-12 14:23:43] local_progress cases=157/400 build_cases=157 docs_build=157 empty=25 current=6d1ad486-497 elapsed=4539.8s
[2026-04-12 14:24:13] local_progress cases=157/400 build_cases=157 docs_build=157 empty=25 current=6d1ad486-497 elapsed=4539.8s
[2026-04-12 14:24:43] local_progress cases=158/400 build_cases=158 docs_build=158 empty=25 current=6dee3cf4-590 elapsed=4606.1s
[2026-04-12 14:25:13] local_progress cases=158/400 build_cases=158 docs_build=158 empty=25 current=6dee3cf4-590 elapsed=4606.1s
[2026-04-12 14:25:43] local_progress cases=159/400 build_cases=159 docs_build=160 empty=25 current=6e08f907-417 elapsed=4660.2s
[2026-04-12 14:26:13] local_progress cases=159/400 build_cases=159 docs_build=160 empty=25 current=6e08f907-417 elapsed=4660.2s
[2026-04-12 14:26:43] local_progress cases=159/400 build_cases=159 docs_build=160 empty=25 current=6e08f907-417 elapsed=4660.2s
[2026-04-12 14:27:13] local_progress cases=161/400 build_cases=161 docs_build=161 empty=25 current=6ef260df-97 elapsed=4753.1s
[2026-04-12 14:27:43] local_progress cases=161/400 build_cases=161 docs_build=161 empty=25 current=6ef260df-97 elapsed=4753.1s
[2026-04-12 14:28:13] local_progress cases=162/400 build_cases=162 docs_build=162 empty=25 current=6f84e51d-140 elapsed=4817.6s
[2026-04-12 14:28:43] local_progress cases=162/400 build_cases=162 docs_build=162 empty=25 current=6f84e51d-140 elapsed=4817.6s
[2026-04-12 14:29:13] local_progress cases=162/400 build_cases=162 docs_build=162 empty=25 current=6f84e51d-140 elapsed=4817.6s
[2026-04-12 14:29:43] local_progress cases=163/400 build_cases=163 docs_build=163 empty=25 current=70d3b8b0-329 elapsed=4893.6s
[2026-04-12 14:30:13] local_progress cases=164/400 build_cases=164 docs_build=164 empty=25 current=71964944-254 elapsed=4942.1s
[2026-04-12 14:30:43] local_progress cases=164/400 build_cases=164 docs_build=165 empty=25 current=71964944-254 elapsed=4942.1s
[2026-04-12 14:31:13] local_progress cases=164/400 build_cases=164 docs_build=165 empty=25 current=71964944-254 elapsed=4942.1s
[2026-04-12 14:31:43] local_progress cases=166/400 build_cases=166 docs_build=166 empty=26 current=732d8fff-569 elapsed=5041.3s
[2026-04-12 14:32:13] local_progress cases=166/400 build_cases=166 docs_build=167 empty=26 current=732d8fff-569 elapsed=5041.3s
[2026-04-12 14:32:43] local_progress cases=168/400 build_cases=168 docs_build=168 empty=26 current=744d4e2b-106 elapsed=5083.7s
[2026-04-12 14:33:13] local_progress cases=168/400 build_cases=168 docs_build=169 empty=26 current=744d4e2b-106 elapsed=5083.7s
[2026-04-12 14:33:43] local_progress cases=168/400 build_cases=168 docs_build=169 empty=26 current=744d4e2b-106 elapsed=5083.7s
[2026-04-12 14:34:13] local_progress cases=170/400 build_cases=170 docs_build=170 empty=26 current=74bd0298-209 elapsed=5166.7s
[2026-04-12 14:34:43] local_progress cases=170/400 build_cases=170 docs_build=170 empty=26 current=74bd0298-209 elapsed=5166.7s
[2026-04-12 14:35:14] local_progress cases=171/400 build_cases=171 docs_build=171 empty=26 current=7513dbaf-190 elapsed=5239.0s
[2026-04-12 14:35:44] local_progress cases=171/400 build_cases=171 docs_build=172 empty=26 current=7513dbaf-190 elapsed=5239.0s
[2026-04-12 14:36:14] local_progress cases=173/400 build_cases=173 docs_build=173 empty=26 current=76222cb2-331 elapsed=5303.8s
[2026-04-12 14:36:44] local_progress cases=173/400 build_cases=173 docs_build=173 empty=26 current=76222cb2-331 elapsed=5303.8s
[2026-04-12 14:37:14] local_progress cases=174/400 build_cases=174 docs_build=175 empty=26 current=76937ba4-346 elapsed=5349.0s
[2026-04-12 14:37:44] local_progress cases=176/400 build_cases=176 docs_build=176 empty=27 current=7984364a-195 elapsed=5388.6s
[2026-04-12 14:38:14] local_progress cases=176/400 build_cases=176 docs_build=176 empty=27 current=7984364a-195 elapsed=5388.6s
[2026-04-12 14:38:44] local_progress cases=177/400 build_cases=177 docs_build=178 empty=28 current=7a54210f-562 elapsed=5452.6s
[2026-04-12 14:39:14] local_progress cases=177/400 build_cases=177 docs_build=178 empty=28 current=7a54210f-562 elapsed=5452.6s
[2026-04-12 14:39:44] local_progress cases=179/400 build_cases=179 docs_build=180 empty=28 current=7bdc4b83-164 elapsed=5517.0s
[2026-04-12 14:40:14] local_progress cases=179/400 build_cases=179 docs_build=181 empty=28 current=7bdc4b83-164 elapsed=5517.0s
[2026-04-12 14:40:44] local_progress cases=179/400 build_cases=179 docs_build=181 empty=28 current=7bdc4b83-164 elapsed=5517.0s
[2026-04-12 14:41:14] local_progress cases=182/400 build_cases=182 docs_build=182 empty=28 current=7d463806-423 elapsed=5607.5s
[2026-04-12 14:41:44] local_progress cases=182/400 build_cases=182 docs_build=182 empty=28 current=7d463806-423 elapsed=5607.5s
[2026-04-12 14:42:14] local_progress cases=182/400 build_cases=182 docs_build=182 empty=28 current=7d463806-423 elapsed=5607.5s
[2026-04-12 14:42:44] local_progress cases=183/400 build_cases=183 docs_build=183 empty=29 current=7db04792-496 elapsed=5686.3s
[2026-04-12 14:43:14] local_progress cases=183/400 build_cases=183 docs_build=184 empty=29 current=7db04792-496 elapsed=5686.3s
[2026-04-12 14:43:44] local_progress cases=183/400 build_cases=183 docs_build=184 empty=29 current=7db04792-496 elapsed=5686.3s
[2026-04-12 14:44:14] local_progress cases=185/400 build_cases=185 docs_build=186 empty=30 current=7e03b07d-188 elapsed=5769.2s
[2026-04-12 14:44:44] local_progress cases=187/400 build_cases=187 docs_build=188 empty=30 current=7e7b6ea4-228 elapsed=5803.0s
[2026-04-12 14:45:14] local_progress cases=187/400 build_cases=187 docs_build=188 empty=30 current=7e7b6ea4-228 elapsed=5803.0s
[2026-04-12 14:45:44] local_progress cases=189/400 build_cases=189 docs_build=189 empty=30 current=80cdc066-374 elapsed=5861.0s
[2026-04-12 14:46:14] local_progress cases=189/400 build_cases=189 docs_build=189 empty=30 current=80cdc066-374 elapsed=5861.0s
[2026-04-12 14:46:44] local_progress cases=190/400 build_cases=190 docs_build=190 empty=30 current=81a145a5-394 elapsed=5916.5s
[2026-04-12 14:47:14] local_progress cases=191/400 build_cases=191 docs_build=191 empty=30 current=825545e5-279 elapsed=5952.6s
[2026-04-12 14:47:44] local_progress cases=191/400 build_cases=191 docs_build=191 empty=30 current=825545e5-279 elapsed=5952.6s
[2026-04-12 14:48:14] local_progress cases=192/400 build_cases=192 docs_build=193 empty=31 current=83524cef-323 elapsed=6004.7s
[2026-04-12 14:48:44] local_progress cases=194/400 build_cases=194 docs_build=194 empty=32 current=8440ee17-580 elapsed=6039.4s
[2026-04-12 14:49:14] local_progress cases=195/400 build_cases=195 docs_build=195 empty=32 current=84f4b04a-283 elapsed=6090.5s
[2026-04-12 14:49:44] local_progress cases=195/400 build_cases=195 docs_build=196 empty=32 current=84f4b04a-283 elapsed=6090.5s
[2026-04-12 14:50:14] local_progress cases=197/400 build_cases=197 docs_build=198 empty=33 current=8781f965-388 elapsed=6124.3s
[2026-04-12 14:50:44] local_progress cases=199/400 build_cases=199 docs_build=199 empty=33 current=88b7daff-343 elapsed=6155.7s
[2026-04-12 14:51:14] local_progress cases=200/400 build_cases=200 docs_build=200 empty=33 current=88f808ff-426 elapsed=6208.2s
[2026-04-12 14:51:44] local_progress cases=200/400 build_cases=200 docs_build=200 empty=33 current=88f808ff-426 elapsed=6208.2s
[2026-04-12 14:52:14] local_progress cases=201/400 build_cases=201 docs_build=202 empty=33 current=89c85406-162 elapsed=6258.2s
[2026-04-12 14:52:44] local_progress cases=201/400 build_cases=201 docs_build=202 empty=33 current=89c85406-162 elapsed=6258.2s
[2026-04-12 14:53:14] local_progress cases=203/400 build_cases=203 docs_build=203 empty=33 current=8c1e8ce9-237 elapsed=6324.7s
[2026-04-12 14:53:44] local_progress cases=203/400 build_cases=203 docs_build=203 empty=33 current=8c1e8ce9-237 elapsed=6324.7s
[2026-04-12 14:54:14] local_progress cases=204/400 build_cases=204 docs_build=205 empty=34 current=8c1e905b-592 elapsed=6365.4s
[2026-04-12 14:54:44] local_progress cases=206/400 build_cases=206 docs_build=207 empty=34 current=8c7ed41d-249 elapsed=6395.8s
[2026-04-12 14:55:14] local_progress cases=208/400 build_cases=208 docs_build=208 empty=35 current=8cf433b4-122 elapsed=6446.4s
[2026-04-12 14:55:44] local_progress cases=210/400 build_cases=210 docs_build=210 empty=36 current=8e7a3965-336 elapsed=6479.2s
[2026-04-12 14:56:14] local_progress cases=211/400 build_cases=211 docs_build=211 empty=36 current=913e1ecf-194 elapsed=6510.6s
[2026-04-12 14:56:44] local_progress cases=211/400 build_cases=211 docs_build=213 empty=36 current=913e1ecf-194 elapsed=6510.6s
[2026-04-12 14:57:14] local_progress cases=211/400 build_cases=211 docs_build=213 empty=36 current=913e1ecf-194 elapsed=6510.6s
[2026-04-12 14:57:44] local_progress cases=214/400 build_cases=214 docs_build=215 empty=37 current=92e5a649-207 elapsed=6578.5s
[2026-04-12 14:58:14] local_progress cases=216/400 build_cases=216 docs_build=216 empty=37 current=9450018e-372 elapsed=6627.8s
[2026-04-12 14:58:44] local_progress cases=216/400 build_cases=216 docs_build=216 empty=37 current=9450018e-372 elapsed=6627.8s
[2026-04-12 14:59:14] local_progress cases=217/400 build_cases=217 docs_build=217 empty=37 current=94d48f2c-144 elapsed=6682.2s
[2026-04-12 14:59:44] local_progress cases=219/400 build_cases=219 docs_build=219 empty=37 current=959cfb67-502 elapsed=6716.3s
[2026-04-12 15:00:14] local_progress cases=219/400 build_cases=219 docs_build=219 empty=37 current=959cfb67-502 elapsed=6716.3s
[2026-04-12 15:00:44] local_progress cases=220/400 build_cases=220 docs_build=220 empty=37 current=96e4b852-189 elapsed=6769.5s
[2026-04-12 15:01:14] local_progress cases=221/400 build_cases=221 docs_build=221 empty=37 current=96fed9c7-427 elapsed=6807.4s
[2026-04-12 15:01:44] local_progress cases=221/400 build_cases=221 docs_build=221 empty=37 current=96fed9c7-427 elapsed=6807.4s
[2026-04-12 15:02:14] local_progress cases=222/400 build_cases=222 docs_build=222 empty=37 current=97d37c35-186 elapsed=6858.5s
[2026-04-12 15:02:44] local_progress cases=223/400 build_cases=223 docs_build=223 empty=37 current=980853cb-240 elapsed=6889.3s
[2026-04-12 15:03:14] local_progress cases=226/400 build_cases=226 docs_build=227 empty=37 current=994849cc-180 elapsed=6924.1s
[2026-04-12 15:03:44] local_progress cases=226/400 build_cases=226 docs_build=228 empty=37 current=994849cc-180 elapsed=6924.1s
[2026-04-12 15:04:14] local_progress cases=226/400 build_cases=226 docs_build=228 empty=37 current=994849cc-180 elapsed=6924.1s
[2026-04-12 15:04:44] local_progress cases=229/400 build_cases=229 docs_build=229 empty=37 current=9b0d8a50-187 elapsed=6997.0s
[2026-04-12 15:05:14] local_progress cases=230/400 build_cases=230 docs_build=230 empty=37 current=9c3b8fe7-282 elapsed=7044.7s
[2026-04-12 15:05:45] local_progress cases=230/400 build_cases=230 docs_build=230 empty=37 current=9c3b8fe7-282 elapsed=7044.7s
[2026-04-12 15:06:15] local_progress cases=231/400 build_cases=231 docs_build=232 empty=38 current=9ce187ea-493 elapsed=7095.4s
[2026-04-12 15:06:45] local_progress cases=231/400 build_cases=231 docs_build=232 empty=38 current=9ce187ea-493 elapsed=7095.4s
[2026-04-12 15:07:15] local_progress cases=233/400 build_cases=233 docs_build=233 empty=39 current=9d5bc038-419 elapsed=7147.0s
[2026-04-12 15:07:45] local_progress cases=234/400 build_cases=234 docs_build=234 empty=40 current=9ee6b9ce-377 elapsed=7202.6s
[2026-04-12 15:08:15] local_progress cases=234/400 build_cases=234 docs_build=235 empty=40 current=9ee6b9ce-377 elapsed=7202.6s
[2026-04-12 15:08:45] local_progress cases=236/400 build_cases=236 docs_build=237 empty=40 current=a061c961-225 elapsed=7235.6s
[2026-04-12 15:09:15] local_progress cases=238/400 build_cases=238 docs_build=239 empty=40 current=a0d5329b-489 elapsed=7276.7s
[2026-04-12 15:09:45] local_progress cases=238/400 build_cases=238 docs_build=239 empty=40 current=a0d5329b-489 elapsed=7276.7s
[2026-04-12 15:10:15] local_progress cases=240/400 build_cases=240 docs_build=241 empty=40 current=a1b60eea-278 elapsed=7333.6s
[2026-04-12 15:10:45] local_progress cases=242/400 build_cases=242 docs_build=244 empty=40 current=a363d826-117 elapsed=7380.2s
[2026-04-12 15:11:15] local_progress cases=242/400 build_cases=242 docs_build=245 empty=40 current=a363d826-117 elapsed=7380.2s
[2026-04-12 15:11:45] local_progress cases=246/400 build_cases=246 docs_build=248 empty=40 current=a54c75dc-111 elapsed=7420.1s
[2026-04-12 15:12:15] local_progress cases=246/400 build_cases=246 docs_build=248 empty=40 current=a54c75dc-111 elapsed=7420.1s
[2026-04-12 15:12:45] local_progress cases=249/400 build_cases=249 docs_build=249 empty=40 current=a7b21b38-262 elapsed=7496.5s
[2026-04-12 15:13:15] local_progress cases=249/400 build_cases=249 docs_build=250 empty=40 current=a7b21b38-262 elapsed=7496.5s
[2026-04-12 15:13:45] local_progress cases=249/400 build_cases=249 docs_build=250 empty=40 current=a7b21b38-262 elapsed=7496.5s
[2026-04-12 15:14:15] local_progress cases=251/400 build_cases=251 docs_build=251 empty=40 current=a85d0720-120 elapsed=7576.2s
[2026-04-12 15:14:45] local_progress cases=251/400 build_cases=251 docs_build=251 empty=40 current=a85d0720-120 elapsed=7576.2s
[2026-04-12 15:15:15] local_progress cases=252/400 build_cases=252 docs_build=253 empty=41 current=a87be781-351 elapsed=7628.8s
[2026-04-12 15:15:45] local_progress cases=254/400 build_cases=254 docs_build=255 empty=41 current=a9c6d6c9-159 elapsed=7666.4s
[2026-04-12 15:16:15] local_progress cases=254/400 build_cases=254 docs_build=255 empty=41 current=a9c6d6c9-159 elapsed=7666.4s
[2026-04-12 15:16:45] local_progress cases=256/400 build_cases=256 docs_build=256 empty=41 current=aa53ee7c-259 elapsed=7733.2s
[2026-04-12 15:17:15] local_progress cases=258/400 build_cases=258 docs_build=258 empty=41 current=abb62970-110 elapsed=7772.2s
[2026-04-12 15:17:45] local_progress cases=258/400 build_cases=258 docs_build=259 empty=41 current=abb62970-110 elapsed=7772.2s
[2026-04-12 15:18:15] local_progress cases=260/400 build_cases=260 docs_build=260 empty=41 current=ac9112a4-420 elapsed=7833.5s
[2026-04-12 15:18:45] local_progress cases=260/400 build_cases=260 docs_build=261 empty=41 current=ac9112a4-420 elapsed=7833.5s
[2026-04-12 15:19:15] local_progress cases=262/400 build_cases=262 docs_build=262 empty=42 current=aceeda23-570 elapsed=7876.3s
[2026-04-12 15:19:45] local_progress cases=263/400 build_cases=263 docs_build=263 empty=42 current=ad030412-354 elapsed=7921.3s
[2026-04-12 15:20:15] local_progress cases=263/400 build_cases=263 docs_build=263 empty=42 current=ad030412-354 elapsed=7921.3s
[2026-04-12 15:20:45] local_progress cases=264/400 build_cases=264 docs_build=265 empty=42 current=ad13b37a-146 elapsed=7960.8s
[2026-04-12 15:21:15] local_progress cases=268/400 build_cases=268 docs_build=269 empty=42 current=b06baad3-363 elapsed=8004.7s
[2026-04-12 15:21:45] local_progress cases=268/400 build_cases=268 docs_build=270 empty=42 current=b06baad3-363 elapsed=8004.7s
[2026-04-12 15:22:15] local_progress cases=268/400 build_cases=268 docs_build=270 empty=42 current=b06baad3-363 elapsed=8004.7s
[2026-04-12 15:22:45] local_progress cases=271/400 build_cases=271 docs_build=271 empty=42 current=b1affa2a-424 elapsed=8084.9s
[2026-04-12 15:23:15] local_progress cases=271/400 build_cases=271 docs_build=271 empty=42 current=b1affa2a-424 elapsed=8084.9s
[2026-04-12 15:23:45] local_progress cases=272/400 build_cases=272 docs_build=273 empty=42 current=b1dff953-217 elapsed=8139.8s
[2026-04-12 15:24:15] local_progress cases=274/400 build_cases=274 docs_build=274 empty=42 current=b531523c-584 elapsed=8177.5s
[2026-04-12 15:24:45] local_progress cases=277/400 build_cases=277 docs_build=277 empty=42 current=b78dafc3-312 elapsed=8217.9s
[2026-04-12 15:25:15] local_progress cases=277/400 build_cases=277 docs_build=278 empty=42 current=b78dafc3-312 elapsed=8217.9s
[2026-04-12 15:25:45] local_progress cases=279/400 build_cases=279 docs_build=281 empty=42 current=b9539d8e-345 elapsed=8257.2s
[2026-04-12 15:26:15] local_progress cases=282/400 build_cases=282 docs_build=282 empty=44 current=ba4ffa4e-416 elapsed=8290.1s
[2026-04-12 15:26:45] local_progress cases=283/400 build_cases=283 docs_build=283 empty=44 current=ba74cb57-142 elapsed=8343.5s
[2026-04-12 15:27:15] local_progress cases=283/400 build_cases=283 docs_build=283 empty=44 current=ba74cb57-142 elapsed=8343.5s
[2026-04-12 15:27:45] local_progress cases=284/400 build_cases=284 docs_build=285 empty=44 current=bb585575-589 elapsed=8392.2s
[2026-04-12 15:28:15] local_progress cases=284/400 build_cases=284 docs_build=285 empty=44 current=bb585575-589 elapsed=8392.2s
[2026-04-12 15:28:45] local_progress cases=286/400 build_cases=286 docs_build=286 empty=44 current=bc2f1dfa-114 elapsed=8451.5s
[2026-04-12 15:29:15] local_progress cases=286/400 build_cases=286 docs_build=287 empty=44 current=bc2f1dfa-114 elapsed=8451.5s
[2026-04-12 15:29:45] local_progress cases=288/400 build_cases=288 docs_build=288 empty=44 current=bc6f6978-239 elapsed=8510.0s
[2026-04-12 15:30:15] local_progress cases=288/400 build_cases=288 docs_build=289 empty=44 current=bc6f6978-239 elapsed=8510.0s
[2026-04-12 15:30:45] local_progress cases=290/400 build_cases=290 docs_build=290 empty=44 current=bc9db995-235 elapsed=8580.7s
[2026-04-12 15:31:15] local_progress cases=290/400 build_cases=290 docs_build=290 empty=44 current=bc9db995-235 elapsed=8580.7s
[2026-04-12 15:31:45] local_progress cases=291/400 build_cases=291 docs_build=291 empty=44 current=bd4bafd7-567 elapsed=8633.3s
[2026-04-12 15:32:15] local_progress cases=291/400 build_cases=291 docs_build=291 empty=44 current=bd4bafd7-567 elapsed=8633.3s
[2026-04-12 15:32:45] local_progress cases=292/400 build_cases=292 docs_build=292 empty=44 current=bd9203a8-568 elapsed=8692.9s
[2026-04-12 15:33:16] local_progress cases=294/400 build_cases=294 docs_build=294 empty=44 current=be622d9e-412 elapsed=8725.9s
[2026-04-12 15:33:46] local_progress cases=294/400 build_cases=294 docs_build=294 empty=44 current=be622d9e-412 elapsed=8725.9s
[2026-04-12 15:34:16] local_progress cases=295/400 build_cases=295 docs_build=295 empty=44 current=bf022434-378 elapsed=8780.9s
[2026-04-12 15:34:46] local_progress cases=296/400 build_cases=296 docs_build=296 empty=44 current=c002ac2b-95 elapsed=8822.0s
[2026-04-12 15:35:16] local_progress cases=296/400 build_cases=296 docs_build=297 empty=44 current=c002ac2b-95 elapsed=8822.0s
[2026-04-12 15:35:46] local_progress cases=298/400 build_cases=298 docs_build=299 empty=45 current=c1e38e2e-399 elapsed=8867.9s
[2026-04-12 15:36:16] local_progress cases=300/400 build_cases=300 docs_build=300 empty=45 current=c3377c5c-337 elapsed=8901.5s
[2026-04-12 15:36:46] local_progress cases=300/400 build_cases=300 docs_build=300 empty=45 current=c3377c5c-337 elapsed=8901.5s
[2026-04-12 15:37:16] local_progress cases=301/400 build_cases=301 docs_build=301 empty=45 current=c3f4fde9-330 elapsed=8966.6s
[2026-04-12 15:37:46] local_progress cases=301/400 build_cases=301 docs_build=301 empty=45 current=c3f4fde9-330 elapsed=8966.6s
[2026-04-12 15:38:16] local_progress cases=302/400 build_cases=302 docs_build=303 empty=45 current=c4b46577-499 elapsed=9009.4s
[2026-04-12 15:38:46] local_progress cases=304/400 build_cases=304 docs_build=304 empty=46 current=c6e9faa0-270 elapsed=9045.6s
[2026-04-12 15:39:16] local_progress cases=304/400 build_cases=304 docs_build=304 empty=46 current=c6e9faa0-270 elapsed=9045.6s
[2026-04-12 15:39:46] local_progress cases=305/400 build_cases=305 docs_build=305 empty=46 current=c730da7b-260 elapsed=9099.3s
[2026-04-12 15:40:16] local_progress cases=305/400 build_cases=305 docs_build=305 empty=46 current=c730da7b-260 elapsed=9099.3s
[2026-04-12 15:40:46] local_progress cases=306/400 build_cases=306 docs_build=306 empty=46 current=c9832b3e-191 elapsed=9159.8s
[2026-04-12 15:41:16] local_progress cases=307/400 build_cases=307 docs_build=308 empty=46 current=c9ba0b22-566 elapsed=9196.3s
[2026-04-12 15:41:46] local_progress cases=307/400 build_cases=307 docs_build=308 empty=46 current=c9ba0b22-566 elapsed=9196.3s
[2026-04-12 15:42:16] local_progress cases=309/400 build_cases=309 docs_build=309 empty=46 current=cb5815ce-161 elapsed=9259.7s
[2026-04-12 15:42:46] local_progress cases=309/400 build_cases=309 docs_build=309 empty=46 current=cb5815ce-161 elapsed=9259.7s
[2026-04-12 15:43:16] local_progress cases=310/400 build_cases=310 docs_build=310 empty=46 current=cbd1f06b-565 elapsed=9306.9s
[2026-04-12 15:43:46] local_progress cases=311/400 build_cases=311 docs_build=312 empty=46 current=cc3b1830-139 elapsed=9355.7s
[2026-04-12 15:44:16] local_progress cases=311/400 build_cases=311 docs_build=313 empty=46 current=cc3b1830-139 elapsed=9355.7s
[2026-04-12 15:44:46] local_progress cases=314/400 build_cases=314 docs_build=314 empty=47 current=cc8e0450-593 elapsed=9423.8s
[2026-04-12 15:45:16] local_progress cases=314/400 build_cases=314 docs_build=314 empty=47 current=cc8e0450-593 elapsed=9423.8s
[2026-04-12 15:45:46] local_progress cases=315/400 build_cases=315 docs_build=315 empty=47 current=cd049902-400 elapsed=9471.6s
[2026-04-12 15:46:16] local_progress cases=315/400 build_cases=315 docs_build=316 empty=47 current=cd049902-400 elapsed=9471.6s
[2026-04-12 15:46:46] local_progress cases=317/400 build_cases=317 docs_build=317 empty=47 current=cebb47f5-165 elapsed=9540.6s
[2026-04-12 15:47:16] local_progress cases=317/400 build_cases=317 docs_build=320 empty=47 current=cebb47f5-165 elapsed=9540.6s
[2026-04-12 15:47:46] local_progress cases=317/400 build_cases=317 docs_build=320 empty=47 current=cebb47f5-165 elapsed=9540.6s
[2026-04-12 15:48:16] local_progress cases=321/400 build_cases=320 docs_build=320 empty=47 current=d124f9b7-379 elapsed=9616.3s
[2026-04-12 15:48:46] local_progress cases=321/400 build_cases=320 docs_build=320 empty=47 current=d124f9b7-379 elapsed=9616.3s
[2026-04-12 15:49:16] local_progress cases=322/400 build_cases=320 docs_build=320 empty=47 current=d1e74aa8-214 elapsed=9670.0s
[2026-04-12 15:49:46] local_progress cases=322/400 build_cases=320 docs_build=320 empty=47 current=d1e74aa8-214 elapsed=9670.0s
[2026-04-12 15:50:16] local_progress cases=324/400 build_cases=320 docs_build=320 empty=47 current=d3691ad9-492 elapsed=9731.6s
[2026-04-12 15:50:46] local_progress cases=325/400 build_cases=320 docs_build=320 empty=47 current=d36dd82b-255 elapsed=9781.8s
[2026-04-12 15:51:16] local_progress cases=325/400 build_cases=320 docs_build=320 empty=47 current=d36dd82b-255 elapsed=9781.8s
[2026-04-12 15:51:46] local_progress cases=326/400 build_cases=320 docs_build=320 empty=47 current=d3bd27f3-90 elapsed=9820.7s
[2026-04-12 15:52:16] local_progress cases=327/400 build_cases=320 docs_build=320 empty=47 current=d3dd6ed7-183 elapsed=9861.7s
[2026-04-12 15:52:46] local_progress cases=327/400 build_cases=320 docs_build=320 empty=47 current=d3dd6ed7-183 elapsed=9861.7s
[2026-04-12 15:53:16] local_progress cases=328/400 build_cases=320 docs_build=320 empty=47 current=d44478e6-328 elapsed=9917.9s
[2026-04-12 15:53:46] local_progress cases=328/400 build_cases=320 docs_build=320 empty=47 current=d44478e6-328 elapsed=9917.9s
[2026-04-12 15:54:16] local_progress cases=330/400 build_cases=320 docs_build=320 empty=47 current=d6b961d4-587 elapsed=9986.4s
[2026-04-12 15:54:46] local_progress cases=330/400 build_cases=320 docs_build=320 empty=47 current=d6b961d4-587 elapsed=9986.4s
[2026-04-12 15:55:16] local_progress cases=332/400 build_cases=320 docs_build=320 empty=48 current=d99a98a0-233 elapsed=10036.9s
[2026-04-12 15:55:46] local_progress cases=334/400 build_cases=320 docs_build=320 empty=48 current=d9fb014e-206 elapsed=10076.2s
[2026-04-12 15:56:16] local_progress cases=334/400 build_cases=320 docs_build=320 empty=48 current=d9fb014e-206 elapsed=10076.2s
[2026-04-12 15:56:46] local_progress cases=334/400 build_cases=320 docs_build=320 empty=48 current=d9fb014e-206 elapsed=10076.2s
[2026-04-12 15:57:16] local_progress cases=336/400 build_cases=320 docs_build=320 empty=48 current=db4628f8-261 elapsed=10149.7s
[2026-04-12 15:57:46] local_progress cases=337/400 build_cases=320 docs_build=320 empty=48 current=dc331a0b-118 elapsed=10203.5s
[2026-04-12 15:58:16] local_progress cases=337/400 build_cases=320 docs_build=320 empty=48 current=dc331a0b-118 elapsed=10203.5s
[2026-04-12 15:58:46] local_progress cases=338/400 build_cases=320 docs_build=320 empty=48 current=dc62e30c-113 elapsed=10244.4s
[2026-04-12 15:59:16] local_progress cases=341/400 build_cases=320 docs_build=320 empty=48 current=de4a919c-126 elapsed=10276.9s
[2026-04-12 15:59:46] local_progress cases=341/400 build_cases=320 docs_build=320 empty=48 current=de4a919c-126 elapsed=10276.9s
[2026-04-12 16:00:16] local_progress cases=342/400 build_cases=320 docs_build=320 empty=48 current=de83df2d-281 elapsed=10326.7s
[2026-04-12 16:00:46] local_progress cases=342/400 build_cases=320 docs_build=320 empty=48 current=de83df2d-281 elapsed=10326.7s
[2026-04-12 16:01:17] local_progress cases=344/400 build_cases=320 docs_build=320 empty=48 current=df892932-168 elapsed=10396.7s
[2026-04-12 16:01:47] local_progress cases=344/400 build_cases=320 docs_build=320 empty=48 current=df892932-168 elapsed=10396.7s
[2026-04-12 16:02:17] local_progress cases=345/400 build_cases=320 docs_build=320 empty=49 current=e025b3a4-591 elapsed=10449.0s
[2026-04-12 16:02:47] local_progress cases=345/400 build_cases=320 docs_build=320 empty=49 current=e025b3a4-591 elapsed=10449.0s
[2026-04-12 16:03:17] local_progress cases=348/400 build_cases=320 docs_build=320 empty=49 current=e1950aec-393 elapsed=10507.8s
[2026-04-12 16:03:47] local_progress cases=350/400 build_cases=320 docs_build=320 empty=49 current=e1c6a610-408 elapsed=10542.4s
[2026-04-12 16:04:17] local_progress cases=350/400 build_cases=320 docs_build=320 empty=49 current=e1c6a610-408 elapsed=10542.4s
[2026-04-12 16:04:47] local_progress cases=352/400 build_cases=320 docs_build=320 empty=49 current=e2750b43-116 elapsed=10606.1s
[2026-04-12 16:05:17] local_progress cases=353/400 build_cases=320 docs_build=320 empty=50 current=e3884815-369 elapsed=10639.1s
[2026-04-12 16:05:47] local_progress cases=353/400 build_cases=320 docs_build=320 empty=50 current=e3884815-369 elapsed=10639.1s
[2026-04-12 16:06:17] local_progress cases=354/400 build_cases=320 docs_build=320 empty=50 current=e4dae239-284 elapsed=10693.7s
[2026-04-12 16:06:47] local_progress cases=355/400 build_cases=320 docs_build=320 empty=50 current=e4ef8a12-193 elapsed=10732.3s
[2026-04-12 16:07:17] local_progress cases=356/400 build_cases=320 docs_build=320 empty=50 current=e4ff5a70-231 elapsed=10774.4s
[2026-04-12 16:07:47] local_progress cases=356/400 build_cases=320 docs_build=320 empty=50 current=e4ff5a70-231 elapsed=10774.4s
[2026-04-12 16:08:17] local_progress cases=357/400 build_cases=320 docs_build=320 empty=51 current=e50db6d8-585 elapsed=10815.4s
[2026-04-12 16:08:47] local_progress cases=358/400 build_cases=320 docs_build=320 empty=51 current=e539dea4-322 elapsed=10856.4s
[2026-04-12 16:09:17] local_progress cases=358/400 build_cases=320 docs_build=320 empty=51 current=e539dea4-322 elapsed=10856.4s
[2026-04-12 16:09:47] local_progress cases=359/400 build_cases=320 docs_build=320 empty=51 current=e55fb1cb-192 elapsed=10918.3s
[2026-04-12 16:10:17] local_progress cases=360/400 build_cases=320 docs_build=320 empty=51 current=e566fa68-404 elapsed=10949.2s
[2026-04-12 16:10:47] local_progress cases=360/400 build_cases=320 docs_build=320 empty=51 current=e566fa68-404 elapsed=10949.2s
[2026-04-12 16:11:17] local_progress cases=362/400 build_cases=320 docs_build=320 empty=51 current=e7648f7d-490 elapsed=10998.7s
[2026-04-12 16:11:47] local_progress cases=363/400 build_cases=320 docs_build=320 empty=52 current=e7f160ac-422 elapsed=11041.1s
[2026-04-12 16:12:17] local_progress cases=363/400 build_cases=320 docs_build=320 empty=52 current=e7f160ac-422 elapsed=11041.1s
[2026-04-12 16:12:47] local_progress cases=363/400 build_cases=320 docs_build=320 empty=52 current=e7f160ac-422 elapsed=11041.1s
[2026-04-12 16:13:17] local_progress cases=365/400 build_cases=320 docs_build=320 empty=52 current=e955714b-280 elapsed=11110.4s
[2026-04-12 16:13:47] local_progress cases=366/400 build_cases=320 docs_build=320 empty=52 current=eaf978d7-208 elapsed=11158.5s
[2026-04-12 16:14:17] local_progress cases=366/400 build_cases=320 docs_build=320 empty=52 current=eaf978d7-208 elapsed=11158.5s
[2026-04-12 16:14:47] local_progress cases=368/400 build_cases=320 docs_build=320 empty=52 current=eb79e778-204 elapsed=11197.9s
[2026-04-12 16:15:17] local_progress cases=370/400 build_cases=320 docs_build=320 empty=53 current=ec746a17-395 elapsed=11233.7s
[2026-04-12 16:15:47] local_progress cases=371/400 build_cases=320 docs_build=320 empty=53 current=ed40c5a3-324 elapsed=11282.4s
[2026-04-12 16:16:17] local_progress cases=371/400 build_cases=320 docs_build=320 empty=53 current=ed40c5a3-324 elapsed=11282.4s
[2026-04-12 16:16:47] local_progress cases=372/400 build_cases=320 docs_build=320 empty=53 current=ee69c707-234 elapsed=11330.9s
[2026-04-12 16:17:17] local_progress cases=374/400 build_cases=320 docs_build=320 empty=53 current=ef2a4fbb-87 elapsed=11363.5s
[2026-04-12 16:17:47] local_progress cases=374/400 build_cases=320 docs_build=320 empty=53 current=ef2a4fbb-87 elapsed=11363.5s
[2026-04-12 16:18:17] local_progress cases=376/400 build_cases=320 docs_build=320 empty=54 current=f066e1dd-145 elapsed=11422.6s
[2026-04-12 16:18:47] local_progress cases=376/400 build_cases=320 docs_build=320 empty=54 current=f066e1dd-145 elapsed=11422.6s
[2026-04-12 16:19:17] local_progress cases=377/400 build_cases=320 docs_build=320 empty=54 current=f18b68cd-119 elapsed=11479.5s
[2026-04-12 16:19:47] local_progress cases=377/400 build_cases=320 docs_build=320 empty=54 current=f18b68cd-119 elapsed=11479.5s
[2026-04-12 16:20:17] local_progress cases=378/400 build_cases=320 docs_build=320 empty=54 current=f35a1832-257 elapsed=11533.0s
[2026-04-12 16:20:47] local_progress cases=380/400 build_cases=320 docs_build=320 empty=55 current=f475f2fe-594 elapsed=11584.2s
[2026-04-12 16:21:17] local_progress cases=380/400 build_cases=320 docs_build=320 empty=55 current=f475f2fe-594 elapsed=11584.2s
[2026-04-12 16:21:47] local_progress cases=381/400 build_cases=320 docs_build=320 empty=55 current=f48a6b60-112 elapsed=11619.8s
[2026-04-12 16:22:17] local_progress cases=384/400 build_cases=320 docs_build=320 empty=57 current=f625bd45-479 elapsed=11662.0s
[2026-04-12 16:22:47] local_progress cases=384/400 build_cases=320 docs_build=320 empty=57 current=f625bd45-479 elapsed=11662.0s
[2026-04-12 16:23:17] local_progress cases=385/400 build_cases=320 docs_build=320 empty=57 current=f62b1785-258 elapsed=11712.4s
[2026-04-12 16:23:47] local_progress cases=385/400 build_cases=320 docs_build=320 empty=57 current=f62b1785-258 elapsed=11712.4s
[2026-04-12 16:24:17] local_progress cases=388/400 build_cases=320 docs_build=320 empty=57 current=f887d7ff-238 elapsed=11771.6s
[2026-04-12 16:24:47] local_progress cases=389/400 build_cases=320 docs_build=320 empty=57 current=f99b1645-137 elapsed=11820.2s
[2026-04-12 16:25:17] local_progress cases=389/400 build_cases=320 docs_build=320 empty=57 current=f99b1645-137 elapsed=11820.2s
[2026-04-12 16:25:47] local_progress cases=391/400 build_cases=320 docs_build=320 empty=58 current=fa555038-392 elapsed=11859.8s
[2026-04-12 16:26:18] local_progress cases=391/400 build_cases=320 docs_build=320 empty=58 current=fa555038-392 elapsed=11859.8s
[2026-04-12 16:26:48] local_progress cases=393/400 build_cases=320 docs_build=320 empty=58 current=fb327034-184 elapsed=11919.2s
[2026-04-12 16:27:18] local_progress cases=396/400 build_cases=320 docs_build=320 empty=59 current=fc44280d-133 elapsed=11951.5s
[2026-04-12 16:27:48] local_progress cases=397/400 build_cases=320 docs_build=320 empty=59 current=fe25ee9b-143 elapsed=11993.5s
[2026-04-12 16:28:18] local_progress cases=399/400 build_cases=320 docs_build=320 empty=59 current=ff15d32c-199 elapsed=12025.6s
